# JRE version: Java(TM) SE Runtime Environment (17.0.17+8) (build 17.0.17+8-LTS-360)
# Java VM: Java HotSpot(TM) 64-Bit Server VM (17.0.17+8-LTS-360, mixed mode, sharing, tiered, compressed oops, compressed class ptrs, g1 gc, windows-amd64)
GC Precious Log:
 CPUs: 12 total, 12 available
 Memory: 32452M
 Large Page Support: Disabled
 NUMA Support: Disabled
 Compressed Oops: Enabled (Zero based)
 Heap Region Size: 4M
 Heap Min Capacity: 8M
 Heap Initial Capacity: 508M
 Heap Max Capacity: 8116M
 Pre-touch: Disabled
 Parallel Workers: 10
 Concurrent Workers: 3
 Concurrent Refinement Workers: 10
 Periodic GC: Disabled
Heap:
 garbage-first heap   total 28672K, used 13073K [0x0000000604c00000, 0x0000000800000000)
  region size 4096K, 2 young (8192K), 1 survivors (4096K)
 Metaspace       used 10011K, committed 10304K, reserved 1114112K
  class space    used 999K, committed 1152K, reserved 1048576K
GC Heap History (20 events):
Event: 0.970 GC heap before
{Heap before GC invocations=5 (full 2):
 garbage-first heap   total 16384K, used 4616K [0x0000000604c00000, 0x0000000800000000)
  region size 4096K, 2 young (8192K), 1 survivors (4096K)
 Metaspace       used 4457K, committed 4608K, reserved 1114112K
  class space    used 379K, committed 448K, reserved 1048576K
}
Event: 0.974 GC heap after
{Heap after GC invocations=6 (full 2):
 garbage-first heap   total 16384K, used 5203K [0x0000000604c00000, 0x0000000800000000)
  region size 4096K, 1 young (4096K), 1 survivors (4096K)
 Metaspace       used 4457K, committed 4608K, reserved 1114112K
  class space    used 379K, committed 448K, reserved 1048576K
}
Event: 0.988 GC heap before
{Heap before GC invocations=6 (full 2):
 garbage-first heap   total 16384K, used 5203K [0x0000000604c00000, 0x0000000800000000)
  region size 4096K, 2 young (8192K), 1 survivors (4096K)
 Metaspace       used 4463K, committed 4608K, reserved 1114112K
  class space    used 379K, committed 448K, reserved 1048576K
}
Event: 0.993 GC heap after
{Heap after GC invocations=7 (full 2):
 garbage-first heap   total 270336K, used 5768K [0x0000000604c00000, 0x0000000800000000)
  region size 4096K, 1 young (4096K), 1 survivors (4096K)
 Metaspace       used 4463K, committed 4608K, reserved 1114112K
  class space    used 379K, committed 448K, reserved 1048576K
}
Event: 1.079 GC heap before
{Heap before GC invocations=7 (full 2):
 garbage-first heap   total 270336K, used 18056K [0x0000000604c00000, 0x0000000800000000)
  region size 4096K, 5 young (20480K), 1 survivors (4096K)
 Metaspace       used 4525K, committed 4672K, reserved 1114112K
  class space    used 381K, committed 448K, reserved 1048576K
}
Event: 1.092 GC heap after
{Heap after GC invocations=8 (full 3):
 garbage-first heap   total 81920K, used 7069K [0x0000000604c00000, 0x0000000800000000)
  region size 4096K, 0 young (0K), 0 survivors (0K)
 Metaspace       used 4525K, committed 4672K, reserved 1114112K
  class space    used 381K, committed 448K, reserved 1048576K
}
Event: 1.118 GC heap before
{Heap before GC invocations=8 (full 3):
 garbage-first heap   total 81920K, used 7069K [0x0000000604c00000, 0x0000000800000000)
  region size 4096K, 1 young (4096K), 0 survivors (0K)
 Metaspace       used 4525K, committed 4672K, reserved 1114112K
  class space    used 381K, committed 448K, reserved 1048576K
}
Event: 1.135 GC heap after
{Heap after GC invocations=9 (full 4):
 garbage-first heap   total 40960K, used 7069K [0x0000000604c00000, 0x0000000800000000)
  region size 4096K, 0 young (0K), 0 survivors (0K)
 Metaspace       used 4525K, committed 4672K, reserved 1114112K
  class space    used 381K, committed 448K, reserved 1048576K
}
Event: 1.170 GC heap before
{Heap before GC invocations=9 (full 4):
 garbage-first heap   total 40960K, used 7069K [0x0000000604c00000, 0x0000000800000000)
  region size 4096K, 1 young (4096K), 0 survivors (0K)
 Metaspace       used 4525K, committed 4672K, reserved 1114112K
  class space    used 381K, committed 448K, reserved 1048576K
}
Event: 1.193 GC heap after
{Heap after GC invocations=10 (full 5):
 garbage-first heap   total 28672K, used 7069K [0x0000000604c00000, 0x0000000800000000)
  region size 4096K, 0 young (0K), 0 survivors (0K)
 Metaspace       used 4525K, committed 4672K, reserved 1114112K
  class space    used 381K, committed 448K, reserved 1048576K
}
Event: 1.222 GC heap before
{Heap before GC invocations=10 (full 5):
 garbage-first heap   total 28672K, used 7069K [0x0000000604c00000, 0x0000000800000000)
  region size 4096K, 1 young (4096K), 0 survivors (0K)
 Metaspace       used 4525K, committed 4672K, reserved 1114112K
  class space    used 381K, committed 448K, reserved 1048576K
}
Event: 1.250 GC heap after
{Heap after GC invocations=11 (full 6):
 garbage-first heap   total 28672K, used 7069K [0x0000000604c00000, 0x0000000800000000)
  region size 4096K, 0 young (0K), 0 survivors (0K)
 Metaspace       used 4525K, committed 4672K, reserved 1114112K
  class space    used 381K, committed 448K, reserved 1048576K
}
Event: 1.483 GC heap before
{Heap before GC invocations=11 (full 6):
 garbage-first heap   total 28672K, used 7069K [0x0000000604c00000, 0x0000000800000000)
  region size 4096K, 1 young (4096K), 0 survivors (0K)
 Metaspace       used 4526K, committed 4672K, reserved 1114112K
  class space    used 381K, committed 448K, reserved 1048576K
}
Event: 1.511 GC heap after
{Heap after GC invocations=12 (full 7):
 garbage-first heap   total 28672K, used 7069K [0x0000000604c00000, 0x0000000800000000)
  region size 4096K, 0 young (0K), 0 survivors (0K)
 Metaspace       used 4526K, committed 4672K, reserved 1114112K
  class space    used 381K, committed 448K, reserved 1048576K
}
Event: 2.179 GC heap before
{Heap before GC invocations=12 (full 7):
 garbage-first heap   total 28672K, used 11165K [0x0000000604c00000, 0x0000000800000000)
  region size 4096K, 2 young (8192K), 0 survivors (0K)
 Metaspace       used 5147K, committed 5376K, reserved 1114112K
  class space    used 420K, committed 512K, reserved 1048576K
}
Event: 2.200 GC heap after
{Heap after GC invocations=13 (full 8):
 garbage-first heap   total 28672K, used 7647K [0x0000000604c00000, 0x0000000800000000)
  region size 4096K, 0 young (0K), 0 survivors (0K)
 Metaspace       used 5147K, committed 5376K, reserved 1114112K
  class space    used 420K, committed 512K, reserved 1048576K
}
Event: 3.258 GC heap before
{Heap before GC invocations=13 (full 8):
 garbage-first heap   total 28672K, used 15839K [0x0000000604c00000, 0x0000000800000000)
  region size 4096K, 2 young (8192K), 0 survivors (0K)
 Metaspace       used 9441K, committed 9664K, reserved 1114112K
  class space    used 923K, committed 1024K, reserved 1048576K
}
Event: 3.265 GC heap after
{Heap after GC invocations=14 (full 8):
 garbage-first heap   total 28672K, used 10344K [0x0000000604c00000, 0x0000000800000000)
  region size 4096K, 1 young (4096K), 1 survivors (4096K)
 Metaspace       used 9441K, committed 9664K, reserved 1114112K
  class space    used 923K, committed 1024K, reserved 1048576K
}
Event: 3.333 GC heap before
{Heap before GC invocations=14 (full 8):
 garbage-first heap   total 28672K, used 10344K [0x0000000604c00000, 0x0000000800000000)
  region size 4096K, 2 young (8192K), 1 survivors (4096K)
 Metaspace       used 9764K, committed 10048K, reserved 1114112K
  class space    used 964K, committed 1088K, reserved 1048576K
}
Event: 3.336 GC heap after
{Heap after GC invocations=15 (full 8):
 garbage-first heap   total 28672K, used 13073K [0x0000000604c00000, 0x0000000800000000)
  region size 4096K, 1 young (4096K), 1 survivors (4096K)
 Metaspace       used 9764K, committed 10048K, reserved 1114112K
  class space    used 964K, committed 1088K, reserved 1048576K
}

