# JRE version: Java(TM) SE Runtime Environment (17.0.17+8) (build 17.0.17+8-LTS-360)
# Java VM: Java HotSpot(TM) 64-Bit Server VM (17.0.17+8-LTS-360, mixed mode, sharing, tiered, compressed oops, compressed class ptrs, g1 gc, windows-amd64)
GC Precious Log:
 CPUs: 12 total, 12 available
 Memory: 32452M
 Large Page Support: Disabled
 NUMA Support: Disabled
 Compressed Oops: Enabled (Zero based)
 Heap Region Size: 4M
 Heap Min Capacity: 8M
 Heap Initial Capacity: 508M
 Heap Max Capacity: 8116M
 Pre-touch: Disabled
 Parallel Workers: 10
 Concurrent Workers: 3
 Concurrent Refinement Workers: 10
 Periodic GC: Disabled
Heap:
 garbage-first heap   total 28672K, used 15468K [0x0000000604c00000, 0x0000000800000000)
  region size 4096K, 2 young (8192K), 1 survivors (4096K)
 Metaspace       used 10320K, committed 10560K, reserved 1114112K
  class space    used 999K, committed 1152K, reserved 1048576K
GC Heap History (20 events):
Event: 2.664 GC heap before
{Heap before GC invocations=6 (full 2):
 garbage-first heap   total 16384K, used 5179K [0x0000000604c00000, 0x0000000800000000)
  region size 4096K, 2 young (8192K), 1 survivors (4096K)
 Metaspace       used 4458K, committed 4608K, reserved 1114112K
  class space    used 379K, committed 448K, reserved 1048576K
}
Event: 2.669 GC heap after
{Heap after GC invocations=7 (full 2):
 garbage-first heap   total 270336K, used 5690K [0x0000000604c00000, 0x0000000800000000)
  region size 4096K, 1 young (4096K), 1 survivors (4096K)
 Metaspace       used 4458K, committed 4608K, reserved 1114112K
  class space    used 379K, committed 448K, reserved 1048576K
}
Event: 2.744 GC heap before
{Heap before GC invocations=7 (full 2):
 garbage-first heap   total 270336K, used 17978K [0x0000000604c00000, 0x0000000800000000)
  region size 4096K, 5 young (20480K), 1 survivors (4096K)
 Metaspace       used 4518K, committed 4672K, reserved 1114112K
  class space    used 381K, committed 448K, reserved 1048576K
}
Event: 2.756 GC heap after
{Heap after GC invocations=8 (full 3):
 garbage-first heap   total 81920K, used 7069K [0x0000000604c00000, 0x0000000800000000)
  region size 4096K, 0 young (0K), 0 survivors (0K)
 Metaspace       used 4518K, committed 4672K, reserved 1114112K
  class space    used 381K, committed 448K, reserved 1048576K
}
Event: 2.782 GC heap before
{Heap before GC invocations=8 (full 3):
 garbage-first heap   total 81920K, used 7069K [0x0000000604c00000, 0x0000000800000000)
  region size 4096K, 1 young (4096K), 0 survivors (0K)
 Metaspace       used 4518K, committed 4672K, reserved 1114112K
  class space    used 381K, committed 448K, reserved 1048576K
}
Event: 2.800 GC heap after
{Heap after GC invocations=9 (full 4):
 garbage-first heap   total 28672K, used 7069K [0x0000000604c00000, 0x0000000800000000)
  region size 4096K, 0 young (0K), 0 survivors (0K)
 Metaspace       used 4518K, committed 4672K, reserved 1114112K
  class space    used 381K, committed 448K, reserved 1048576K
}
Event: 2.827 GC heap before
{Heap before GC invocations=9 (full 4):
 garbage-first heap   total 28672K, used 7069K [0x0000000604c00000, 0x0000000800000000)
  region size 4096K, 1 young (4096K), 0 survivors (0K)
 Metaspace       used 4518K, committed 4672K, reserved 1114112K
  class space    used 381K, committed 448K, reserved 1048576K
}
Event: 2.848 GC heap after
{Heap after GC invocations=10 (full 5):
 garbage-first heap   total 28672K, used 7069K [0x0000000604c00000, 0x0000000800000000)
  region size 4096K, 0 young (0K), 0 survivors (0K)
 Metaspace       used 4518K, committed 4672K, reserved 1114112K
  class space    used 381K, committed 448K, reserved 1048576K
}
Event: 7.053 GC heap before
{Heap before GC invocations=10 (full 5):
 garbage-first heap   total 28672K, used 11165K [0x0000000604c00000, 0x0000000800000000)
  region size 4096K, 2 young (8192K), 0 survivors (0K)
 Metaspace       used 5137K, committed 5376K, reserved 1114112K
  class space    used 420K, committed 512K, reserved 1048576K
}
Event: 7.075 GC heap after
{Heap after GC invocations=11 (full 6):
 garbage-first heap   total 28672K, used 7647K [0x0000000604c00000, 0x0000000800000000)
  region size 4096K, 0 young (0K), 0 survivors (0K)
 Metaspace       used 5137K, committed 5376K, reserved 1114112K
  class space    used 420K, committed 512K, reserved 1048576K
}
Event: 7.115 GC heap before
{Heap before GC invocations=11 (full 6):
 garbage-first heap   total 28672K, used 7647K [0x0000000604c00000, 0x0000000800000000)
  region size 4096K, 1 young (4096K), 0 survivors (0K)
 Metaspace       used 5143K, committed 5376K, reserved 1114112K
  class space    used 421K, committed 512K, reserved 1048576K
}
Event: 7.135 GC heap after
{Heap after GC invocations=12 (full 7):
 garbage-first heap   total 28672K, used 7648K [0x0000000604c00000, 0x0000000800000000)
  region size 4096K, 0 young (0K), 0 survivors (0K)
 Metaspace       used 5143K, committed 5376K, reserved 1114112K
  class space    used 421K, committed 512K, reserved 1048576K
}
Event: 9.609 GC heap before
{Heap before GC invocations=12 (full 7):
 garbage-first heap   total 28672K, used 11744K [0x0000000604c00000, 0x0000000800000000)
  region size 4096K, 2 young (8192K), 0 survivors (0K)
 Metaspace       used 9360K, committed 9536K, reserved 1114112K
  class space    used 908K, committed 960K, reserved 1048576K
}
Event: 9.614 GC heap after
{Heap after GC invocations=13 (full 7):
 garbage-first heap   total 28672K, used 10346K [0x0000000604c00000, 0x0000000800000000)
  region size 4096K, 1 young (4096K), 1 survivors (4096K)
 Metaspace       used 9360K, committed 9536K, reserved 1114112K
  class space    used 908K, committed 960K, reserved 1048576K
}
Event: 9.663 GC heap before
{Heap before GC invocations=13 (full 7):
 garbage-first heap   total 28672K, used 10346K [0x0000000604c00000, 0x0000000800000000)
  region size 4096K, 2 young (8192K), 1 survivors (4096K)
 Metaspace       used 9554K, committed 9856K, reserved 1114112K
  class space    used 933K, committed 1088K, reserved 1048576K
}
Event: 9.693 GC heap after
{Heap after GC invocations=14 (full 8):
 garbage-first heap   total 28672K, used 11394K [0x0000000604c00000, 0x0000000800000000)
  region size 4096K, 0 young (0K), 0 survivors (0K)
 Metaspace       used 9554K, committed 9856K, reserved 1114112K
  class space    used 933K, committed 1088K, reserved 1048576K
}
Event: 9.773 GC heap before
{Heap before GC invocations=14 (full 8):
 garbage-first heap   total 28672K, used 11394K [0x0000000604c00000, 0x0000000800000000)
  region size 4096K, 1 young (4096K), 0 survivors (0K)
 Metaspace       used 9833K, committed 10112K, reserved 1114112K
  class space    used 973K, committed 1088K, reserved 1048576K
}
Event: 9.776 GC heap after
{Heap after GC invocations=15 (full 8):
 garbage-first heap   total 28672K, used 13626K [0x0000000604c00000, 0x0000000800000000)
  region size 4096K, 1 young (4096K), 1 survivors (4096K)
 Metaspace       used 9833K, committed 10112K, reserved 1114112K
  class space    used 973K, committed 1088K, reserved 1048576K
}
Event: 1865.434 GC heap before
{Heap before GC invocations=15 (full 8):
 garbage-first heap   total 28672K, used 13626K [0x0000000604c00000, 0x0000000800000000)
  region size 4096K, 2 young (8192K), 1 survivors (4096K)
 Metaspace       used 10310K, committed 10560K, reserved 1114112K
  class space    used 998K, committed 1152K, reserved 1048576K
}
Event: 1865.437 GC heap after
{Heap after GC invocations=16 (full 8):
 garbage-first heap   total 28672K, used 15468K [0x0000000604c00000, 0x0000000800000000)
  region size 4096K, 1 young (4096K), 1 survivors (4096K)
 Metaspace       used 10310K, committed 10560K, reserved 1114112K
  class space    used 998K, committed 1152K, reserved 1048576K
}

