# JRE version: Java(TM) SE Runtime Environment (17.0.17+8) (build 17.0.17+8-LTS-360)
# Java VM: Java HotSpot(TM) 64-Bit Server VM (17.0.17+8-LTS-360, mixed mode, sharing, tiered, compressed oops, compressed class ptrs, g1 gc, windows-amd64)
GC Precious Log:
 CPUs: 12 total, 12 available
 Memory: 32452M
 Large Page Support: Disabled
 NUMA Support: Disabled
 Compressed Oops: Enabled (Zero based)
 Heap Region Size: 4M
 Heap Min Capacity: 8M
 Heap Initial Capacity: 508M
 Heap Max Capacity: 8116M
 Pre-touch: Disabled
 Parallel Workers: 10
 Concurrent Workers: 3
 Concurrent Refinement Workers: 10
 Periodic GC: Disabled
Heap:
 garbage-first heap   total 28672K, used 12902K [0x0000000604c00000, 0x0000000800000000)
  region size 4096K, 1 young (4096K), 0 survivors (0K)
 Metaspace       used 10220K, committed 10432K, reserved 1114112K
  class space    used 999K, committed 1088K, reserved 1048576K
GC Heap History (20 events):
Event: 0.921 GC heap before
{Heap before GC invocations=3 (full 2):
 garbage-first heap   total 16384K, used 3822K [0x0000000604c00000, 0x0000000800000000)
  region size 4096K, 2 young (8192K), 1 survivors (4096K)
 Metaspace       used 4424K, committed 4608K, reserved 1114112K
  class space    used 380K, committed 448K, reserved 1048576K
}
Event: 0.924 GC heap after
{Heap after GC invocations=4 (full 2):
 garbage-first heap   total 16384K, used 4109K [0x0000000604c00000, 0x0000000800000000)
  region size 4096K, 1 young (4096K), 1 survivors (4096K)
 Metaspace       used 4424K, committed 4608K, reserved 1114112K
  class space    used 380K, committed 448K, reserved 1048576K
}
Event: 0.938 GC heap before
{Heap before GC invocations=4 (full 2):
 garbage-first heap   total 16384K, used 4109K [0x0000000604c00000, 0x0000000800000000)
  region size 4096K, 2 young (8192K), 1 survivors (4096K)
 Metaspace       used 4429K, committed 4608K, reserved 1114112K
  class space    used 380K, committed 448K, reserved 1048576K
}
Event: 0.941 GC heap after
{Heap after GC invocations=5 (full 2):
 garbage-first heap   total 16384K, used 4573K [0x0000000604c00000, 0x0000000800000000)
  region size 4096K, 1 young (4096K), 1 survivors (4096K)
 Metaspace       used 4429K, committed 4608K, reserved 1114112K
  class space    used 380K, committed 448K, reserved 1048576K
}
Event: 0.953 GC heap before
{Heap before GC invocations=5 (full 2):
 garbage-first heap   total 16384K, used 4573K [0x0000000604c00000, 0x0000000800000000)
  region size 4096K, 2 young (8192K), 1 survivors (4096K)
 Metaspace       used 4436K, committed 4608K, reserved 1114112K
  class space    used 380K, committed 448K, reserved 1048576K
}
Event: 0.957 GC heap after
{Heap after GC invocations=6 (full 2):
 garbage-first heap   total 270336K, used 5201K [0x0000000604c00000, 0x0000000800000000)
  region size 4096K, 1 young (4096K), 1 survivors (4096K)
 Metaspace       used 4436K, committed 4608K, reserved 1114112K
  class space    used 380K, committed 448K, reserved 1048576K
}
Event: 1.048 GC heap before
{Heap before GC invocations=6 (full 2):
 garbage-first heap   total 270336K, used 21585K [0x0000000604c00000, 0x0000000800000000)
  region size 4096K, 6 young (24576K), 1 survivors (4096K)
 Metaspace       used 4501K, committed 4672K, reserved 1114112K
  class space    used 381K, committed 448K, reserved 1048576K
}
Event: 1.061 GC heap after
{Heap after GC invocations=7 (full 3):
 garbage-first heap   total 81920K, used 7068K [0x0000000604c00000, 0x0000000800000000)
  region size 4096K, 0 young (0K), 0 survivors (0K)
 Metaspace       used 4501K, committed 4672K, reserved 1114112K
  class space    used 381K, committed 448K, reserved 1048576K
}
Event: 1.085 GC heap before
{Heap before GC invocations=7 (full 3):
 garbage-first heap   total 81920K, used 7068K [0x0000000604c00000, 0x0000000800000000)
  region size 4096K, 1 young (4096K), 0 survivors (0K)
 Metaspace       used 4501K, committed 4672K, reserved 1114112K
  class space    used 381K, committed 448K, reserved 1048576K
}
Event: 1.103 GC heap after
{Heap after GC invocations=8 (full 4):
 garbage-first heap   total 40960K, used 7068K [0x0000000604c00000, 0x0000000800000000)
  region size 4096K, 0 young (0K), 0 survivors (0K)
 Metaspace       used 4501K, committed 4672K, reserved 1114112K
  class space    used 381K, committed 448K, reserved 1048576K
}
Event: 1.128 GC heap before
{Heap before GC invocations=8 (full 4):
 garbage-first heap   total 40960K, used 7068K [0x0000000604c00000, 0x0000000800000000)
  region size 4096K, 1 young (4096K), 0 survivors (0K)
 Metaspace       used 4501K, committed 4672K, reserved 1114112K
  class space    used 381K, committed 448K, reserved 1048576K
}
Event: 1.148 GC heap after
{Heap after GC invocations=9 (full 5):
 garbage-first heap   total 28672K, used 7068K [0x0000000604c00000, 0x0000000800000000)
  region size 4096K, 0 young (0K), 0 survivors (0K)
 Metaspace       used 4501K, committed 4672K, reserved 1114112K
  class space    used 381K, committed 448K, reserved 1048576K
}
Event: 1.956 GC heap before
{Heap before GC invocations=9 (full 5):
 garbage-first heap   total 28672K, used 11164K [0x0000000604c00000, 0x0000000800000000)
  region size 4096K, 2 young (8192K), 0 survivors (0K)
 Metaspace       used 5121K, committed 5376K, reserved 1114112K
  class space    used 420K, committed 512K, reserved 1048576K
}
Event: 1.977 GC heap after
{Heap after GC invocations=10 (full 6):
 garbage-first heap   total 28672K, used 7645K [0x0000000604c00000, 0x0000000800000000)
  region size 4096K, 0 young (0K), 0 survivors (0K)
 Metaspace       used 5121K, committed 5376K, reserved 1114112K
  class space    used 420K, committed 512K, reserved 1048576K
}
Event: 2.101 GC heap before
{Heap before GC invocations=10 (full 6):
 garbage-first heap   total 28672K, used 7645K [0x0000000604c00000, 0x0000000800000000)
  region size 4096K, 1 young (4096K), 0 survivors (0K)
 Metaspace       used 5363K, committed 5568K, reserved 1114112K
  class space    used 434K, committed 512K, reserved 1048576K
}
Event: 2.121 GC heap after
{Heap after GC invocations=11 (full 7):
 garbage-first heap   total 28672K, used 7908K [0x0000000604c00000, 0x0000000800000000)
  region size 4096K, 0 young (0K), 0 survivors (0K)
 Metaspace       used 5363K, committed 5568K, reserved 1114112K
  class space    used 434K, committed 512K, reserved 1048576K
}
Event: 3.115 GC heap before
{Heap before GC invocations=11 (full 7):
 garbage-first heap   total 28672K, used 16100K [0x0000000604c00000, 0x0000000800000000)
  region size 4096K, 2 young (8192K), 0 survivors (0K)
 Metaspace       used 9667K, committed 9856K, reserved 1114112K
  class space    used 956K, committed 1024K, reserved 1048576K
}
Event: 3.120 GC heap after
{Heap after GC invocations=12 (full 7):
 garbage-first heap   total 28672K, used 11846K [0x0000000604c00000, 0x0000000800000000)
  region size 4096K, 1 young (4096K), 1 survivors (4096K)
 Metaspace       used 9667K, committed 9856K, reserved 1114112K
  class space    used 956K, committed 1024K, reserved 1048576K
}
Event: 3.168 GC heap before
{Heap before GC invocations=12 (full 7):
 garbage-first heap   total 28672K, used 11846K [0x0000000604c00000, 0x0000000800000000)
  region size 4096K, 2 young (8192K), 1 survivors (4096K)
 Metaspace       used 9803K, committed 10048K, reserved 1114112K
  class space    used 972K, committed 1088K, reserved 1048576K
}
Event: 3.196 GC heap after
{Heap after GC invocations=13 (full 8):
 garbage-first heap   total 28672K, used 12902K [0x0000000604c00000, 0x0000000800000000)
  region size 4096K, 0 young (0K), 0 survivors (0K)
 Metaspace       used 9803K, committed 10048K, reserved 1114112K
  class space    used 972K, committed 1088K, reserved 1048576K
}

